
[LOG] Aggregating SHAP for embedding: BAAI/bge-base-en-v1.5
utterance_times: 0.19745
phonological_frags_count: 0.00007
fillers_count: 0.00016
F0semitoneFrom27.5Hz_sma3nz_stddevRisingSlope: 16.35919
logRelF0-H1-H2_sma3nz_stddevNorm: 12.61445
F0semitoneFrom27.5Hz_sma3nz_meanRisingSlope: 7.25085
F3frequency_sma3nz_amean: 5.13551
F1bandwidth_sma3nz_amean: 4.63079
F3bandwidth_sma3nz_amean: 4.26284
F2bandwidth_sma3nz_amean: 3.82076
F0semitoneFrom27.5Hz_sma3nz_stddevFallingSlope: 3.49609
F0semitoneFrom27.5Hz_sma3nz_meanFallingSlope: 2.39731
F1frequency_sma3nz_amean: 1.81586
emb_558: 0.03135
emb_278: 0.02992
emb_684: 0.02937
emb_171: 0.02511
emb_707: 0.02501
emb_498: 0.02481
emb_500: 0.02481
emb_698: 0.02440
emb_719: 0.02378
emb_43: 0.02354
Acoustic: 0.84020
Quantitative: 0.06590
Embedding: 0.00623

[LOG] Aggregating SHAP for embedding: BAAI/bge-m3
utterance_times: 0.40127
phonological_frags_count: 0.00004
fillers_count: 0.00007
logRelF0-H1-H2_sma3nz_stddevNorm: 6.85106
F0semitoneFrom27.5Hz_sma3nz_stddevRisingSlope: 4.46337
F0semitoneFrom27.5Hz_sma3nz_stddevFallingSlope: 2.18137
F3frequency_sma3nz_amean: 1.70494
F2frequency_sma3nz_amean: 1.55590
F0semitoneFrom27.5Hz_sma3nz_meanRisingSlope: 1.13891
F0semitoneFrom27.5Hz_sma3nz_meanFallingSlope: 0.99738
F3bandwidth_sma3nz_amean: 0.92270
F2bandwidth_sma3nz_amean: 0.86916
F1frequency_sma3nz_amean: 0.82226
emb_118: 0.02396
emb_810: 0.02188
emb_533: 0.02019
emb_276: 0.01893
emb_754: 0.01888
emb_496: 0.01850
emb_794: 0.01843
emb_757: 0.01826
emb_895: 0.01788
emb_346: 0.01747
Acoustic: 0.29411
Quantitative: 0.13379
Embedding: 0.00383

[LOG] Aggregating SHAP for embedding: BAAI/bge-large-en-v1.5
utterance_times: 2.09961
phonological_frags_count: 0.00039
fillers_count: 0.00050
F0semitoneFrom27.5Hz_sma3nz_stddevRisingSlope: 13.49307
F0semitoneFrom27.5Hz_sma3nz_meanRisingSlope: 7.08596
F0semitoneFrom27.5Hz_sma3nz_stddevFallingSlope: 6.68972
F2bandwidth_sma3nz_amean: 3.84311
F2frequency_sma3nz_amean: 3.37014
F3bandwidth_sma3nz_amean: 3.21998
F0semitoneFrom27.5Hz_sma3nz_meanFallingSlope: 2.97557
F3frequency_sma3nz_amean: 2.78580
F1bandwidth_sma3nz_amean: 2.48395
F1frequency_sma3nz_amean: 1.72066
emb_1004: 0.02111
emb_539: 0.01975
emb_650: 0.01794
emb_444: 0.01723
emb_676: 0.01696
emb_120: 0.01660
emb_907: 0.01569
emb_798: 0.01530
emb_318: 0.01504
emb_728: 0.01502
Quantitative: 0.70017
Acoustic: 0.64776
Embedding: 0.00352

[LOG] Aggregating SHAP for embedding: bert-base-uncased
utterance_times: 1.05261
phonological_frags_count: 0.00013
fillers_count: 0.00009
F0semitoneFrom27.5Hz_sma3nz_stddevFallingSlope: 1.21721
F0semitoneFrom27.5Hz_sma3nz_stddevRisingSlope: 0.88863
F3frequency_sma3nz_amean: 0.76067
F1bandwidth_sma3nz_amean: 0.69543
F2frequency_sma3nz_amean: 0.68314
F0semitoneFrom27.5Hz_sma3nz_meanRisingSlope: 0.57704
logRelF0-H1-H2_sma3nz_stddevNorm: 0.55503
F1frequency_sma3nz_amean: 0.45077
F3bandwidth_sma3nz_amean: 0.40643
F0semitoneFrom27.5Hz_sma3nz_meanFallingSlope: 0.33154
emb_213: 0.01140
emb_541: 0.01077
emb_121: 0.01076
emb_285: 0.01037
emb_347: 0.01019
emb_604: 0.01008
emb_734: 0.01004
emb_39: 0.01004
emb_434: 0.01002
emb_527: 0.00998
Quantitative: 0.35094
Acoustic: 0.09923
Embedding: 0.00233

[LOG] Aggregating SHAP for embedding: bert-large-uncased
utterance_times: 0.53906
phonological_frags_count: 0.00013
fillers_count: 0.00007
F0semitoneFrom27.5Hz_sma3nz_meanRisingSlope: 0.44357
F3bandwidth_sma3nz_amean: 0.36652
F0semitoneFrom27.5Hz_sma3nz_stddevRisingSlope: 0.36151
F3frequency_sma3nz_amean: 0.34923
F0semitoneFrom27.5Hz_sma3nz_stddevFallingSlope: 0.29396
F2frequency_sma3nz_amean: 0.22598
F2bandwidth_sma3nz_amean: 0.22273
F1bandwidth_sma3nz_amean: 0.10141
F0semitoneFrom27.5Hz_sma3nz_meanFallingSlope: 0.09735
F3amplitudeLogRelF0_sma3nz_amean: 0.07720
emb_584: 0.00567
emb_668: 0.00563
emb_315: 0.00537
emb_480: 0.00502
emb_307: 0.00494
emb_112: 0.00474
emb_156: 0.00473
emb_394: 0.00473
emb_366: 0.00470
emb_723: 0.00463
Quantitative: 0.17975
Acoustic: 0.03480
Embedding: 0.00104

[LOG] Aggregating SHAP for embedding: roberta-base
utterance_times: 0.62101
phonological_frags_count: 0.00009
fillers_count: 0.00017
F0semitoneFrom27.5Hz_sma3nz_stddevRisingSlope: 0.21332
F3frequency_sma3nz_amean: 0.17267
F0semitoneFrom27.5Hz_sma3nz_meanRisingSlope: 0.10737
F0semitoneFrom27.5Hz_sma3nz_meanFallingSlope: 0.09895
F0semitoneFrom27.5Hz_sma3nz_stddevFallingSlope: 0.08246
F2frequency_sma3nz_amean: 0.07718
F3amplitudeLogRelF0_sma3nz_amean: 0.06924
F3bandwidth_sma3nz_amean: 0.05831
F2amplitudeLogRelF0_sma3nz_amean: 0.05059
F1bandwidth_sma3nz_amean: 0.03844
emb_588: 0.00035
emb_561: 0.00016
emb_662: 0.00012
emb_443: 0.00011
emb_624: 0.00010
emb_10: 0.00009
emb_741: 0.00009
emb_517: 0.00009
emb_214: 0.00009
emb_193: 0.00008
Quantitative: 0.20709
Acoustic: 0.01408
Embedding: 0.00002

[LOG] Aggregating SHAP for embedding: roberta-large
utterance_times: 0.40664
phonological_frags_count: 0.00004
fillers_count: 0.00006
F3frequency_sma3nz_amean: 0.28017
F0semitoneFrom27.5Hz_sma3nz_stddevFallingSlope: 0.25707
F2frequency_sma3nz_amean: 0.17638
F0semitoneFrom27.5Hz_sma3nz_stddevRisingSlope: 0.15740
logRelF0-H1-H2_sma3nz_stddevNorm: 0.14886
F3bandwidth_sma3nz_amean: 0.10507
F0semitoneFrom27.5Hz_sma3nz_meanRisingSlope: 0.10469
F1frequency_sma3nz_amean: 0.06354
F3amplitudeLogRelF0_sma3nz_amean: 0.05326
F0semitoneFrom27.5Hz_sma3nz_meanFallingSlope: 0.04392
emb_814: 0.00020
emb_381: 0.00017
emb_463: 0.00016
emb_47: 0.00016
emb_459: 0.00016
emb_468: 0.00015
emb_234: 0.00014
emb_641: 0.00014
emb_191: 0.00014
emb_354: 0.00014
Quantitative: 0.13558
Acoustic: 0.01982
Embedding: 0.00004
